2012-07-23 12:52:54 INFO: No global web.xml found
2012-07-23 12:52:55 INFO: INFO: jruby 1.7.0.preview2.dev (ruby-1.9.3-p203) (2012-07-16 412049f) (Java HotSpot(TM) 64-Bit Server VM 1.7.0_04) [darwin-x86_64-java]
2012-07-23 12:52:55 INFO: INFO: using a shared (threadsafe!) runtime
2012-07-23 12:53:09 INFO: Starting ProtocolHandler ["http-bio-3000"]
2012-07-23 12:53:10 INFO: 

Started GET "/" for 0:0:0:0:0:0:0:1 at 2012-07-23 07:53:10 -0500
2012-07-23 12:53:10 INFO: Processing by FoosController#index as HTML
2012-07-23 12:53:10 INFO:   Rendered foos/index.html.erb within layouts/application (10.0ms)
2012-07-23 12:53:10 INFO: Completed 200 OK in 148ms (Views: 62.0ms)
2012-07-23 14:15:27 INFO: No global web.xml found
2012-07-23 14:15:29 INFO: INFO: jruby 1.7.0.preview2.dev (ruby-1.9.3-p203) (2012-07-16 412049f) (Java HotSpot(TM) 64-Bit Server VM 1.7.0_04) [darwin-x86_64-java]
2012-07-23 14:15:29 INFO: INFO: using a shared (threadsafe!) runtime
2012-07-23 14:15:44 INFO: Starting ProtocolHandler ["http-bio-3000"]
2012-07-23 14:15:44 INFO: 

Started GET "/" for 0:0:0:0:0:0:0:1 at 2012-07-23 09:15:44 -0500
2012-07-23 14:15:45 INFO: Processing by FoosController#index as HTML
2012-07-23 14:15:45 INFO:   Rendered foos/index.html.erb within layouts/application (9.0ms)
2012-07-23 14:15:45 INFO: Completed 200 OK in 50ms (Views: 45.0ms)
2012-07-23 14:15:51 INFO: Pausing ProtocolHandler ["http-bio-3000"]
2012-07-23 14:15:51 INFO: Stopping service Tomcat
2012-07-23 14:15:51 SEVERE: The web application [/] appears to have started a thread named [JRubyWorker-1] but has failed to stop it. This is very likely to create a memory leak.
2012-07-23 14:15:51 INFO: Stopping ProtocolHandler ["http-bio-3000"]
2012-07-23 14:15:51 INFO: Destroying ProtocolHandler ["http-bio-3000"]
2012-07-23 14:16:02 INFO: No global web.xml found
2012-07-23 14:16:03 INFO: INFO: jruby 1.7.0.preview2.dev (ruby-1.9.3-p203) (2012-07-16 412049f) (Java HotSpot(TM) 64-Bit Server VM 1.7.0_04) [darwin-x86_64-java]
2012-07-23 14:16:03 INFO: INFO: using a shared (threadsafe!) runtime
2012-07-23 14:16:16 INFO: Creation of SecureRandom instance for session ID generation using [SHA1PRNG] took [188] milliseconds.
2012-07-23 14:16:16 INFO: Starting ProtocolHandler ["http-bio-3000"]
2012-07-23 14:16:34 INFO: Pausing ProtocolHandler ["http-bio-3000"]
2012-07-23 14:16:34 INFO: Stopping service Tomcat
2012-07-23 14:16:34 INFO: Stopping ProtocolHandler ["http-bio-3000"]
2012-07-23 14:16:34 INFO: Destroying ProtocolHandler ["http-bio-3000"]
2012-07-23 09:45:13 -0500 INFO: jruby 1.7.0.preview2.dev (ruby-1.9.3-p203) (2012-07-16 412049f) (Java HotSpot(TM) 64-Bit Server VM 1.7.0_04) [darwin-x86_64-java]
2012-07-23 09:45:13 -0500 INFO: using a shared (threadsafe!) runtime
2012-07-23 09:45:32 -0500 INFO: 

Started GET "/" for 0:0:0:0:0:0:0:1 at 2012-07-23 09:45:32 -0500
2012-07-23 09:45:32 -0500 INFO: Processing by FoosController#index as HTML
2012-07-23 09:45:32 -0500 INFO:   Rendered foos/index.html.erb within layouts/application (9.0ms)
2012-07-23 09:45:32 -0500 INFO: Completed 200 OK in 53ms (Views: 45.0ms)
2012-07-23 09:46:08 -0500 INFO: jruby 1.7.0.preview2.dev (ruby-1.9.3-p203) (2012-07-16 412049f) (Java HotSpot(TM) 64-Bit Server VM 1.7.0_04) [darwin-x86_64-java]
2012-07-23 09:46:08 -0500 INFO: using a shared (threadsafe!) runtime
